Build started 21/04/2020 01:19:24.
     1>Project "D:\Documents\Visual Studio 2013\Projects\sfml\sfml\sfml.vcxproj" on node 2 (Build target(s)).
     1>ClCompile:
         C:\Program Files (x86)\Microsoft Visual Studio 12.0\VC\bin\CL.exe /c /I"D:\Documents\Visual Studio 2013\Projects\sfml\sfml\TGUI-0.6\include" /ZI /nologo /W3 /WX- /sdl /Od /Oy- /D _MBCS /Gm /EHsc /RTC1 /MDd /GS /fp:precise /Zc:wchar_t /Zc:forScope /Fo"Debug\\" /Fd"Debug\vc120.pdb" /Gd /TP /analyze- /errorReport:prompt BotBrain.cpp
         BotBrain.cpp
     1>d:\documents\visual studio 2013\projects\sfml\sfml\constants1.h(75): warning C4244: 'initializing' : conversion from 'double' to 'const float', possible loss of data
     1>d:\documents\visual studio 2013\projects\sfml\sfml\constants1.h(86): warning C4305: 'initializing' : truncation from 'double' to 'const float'
     1>d:\documents\visual studio 2013\projects\sfml\sfml\constants1.h(90): warning C4244: 'initializing' : conversion from 'const double' to 'const int', possible loss of data
     1>d:\documents\visual studio 2013\projects\sfml\sfml\constants1.h(91): warning C4244: 'initializing' : conversion from 'const float' to 'const int', possible loss of data
     1>d:\documents\visual studio 2013\projects\sfml\sfml\constants1.h(93): warning C4244: 'initializing' : conversion from 'const double' to 'const int', possible loss of data
     1>d:\documents\visual studio 2013\projects\sfml\sfml\botbrain.cpp(198): warning C4244: 'argument' : conversion from 'const int' to 'float', possible loss of data
       Link:
         C:\Program Files (x86)\Microsoft Visual Studio 12.0\VC\bin\link.exe /ERRORREPORT:PROMPT /OUT:"D:\Documents\Visual Studio 2013\Projects\sfml\Debug\sfml.exe" /INCREMENTAL /NOLOGO "sfml-graphics-d.lib" "sfml-window-d.lib" "sfml-system-d.lib" "sfml-main-d.lib" "sfml-network-d.lib" "sfml-audio-d.lib" "tgui-d.lib" kernel32.lib user32.lib gdi32.lib winspool.lib comdlg32.lib advapi32.lib shell32.lib ole32.lib oleaut32.lib uuid.lib odbc32.lib odbccp32.lib /MANIFEST /MANIFESTUAC:"level='asInvoker' uiAccess='false'" /manifest:embed /DEBUG /PDB:"D:\Documents\Visual Studio 2013\Projects\sfml\Debug\sfml.pdb" /TLBID:1 /DYNAMICBASE /NXCOMPAT /IMPLIB:"D:\Documents\Visual Studio 2013\Projects\sfml\Debug\sfml.lib" /MACHINE:X86 Debug\Bot.obj
         Debug\BotBrain.obj
         Debug\Camera.obj
         Debug\Client.obj
         Debug\ClientGui.obj
         Debug\CollisionMap.obj
         Debug\CommunicationBox.obj
         Debug\CoolMat.obj
         Debug\ClientCurve.obj
         Debug\Curve.obj
         Debug\CurveCollection.obj
         Debug\FuturePositions.obj
         Debug\LocalCurve.obj
         Debug\Match.obj
         Debug\Material.obj
         Debug\Menu.obj
         Debug\MinMax.obj
         Debug\MyMat.obj
         Debug\Patterns.obj
         Debug\SConBox.obj
         Debug\ScoreGui.obj
         Debug\SCurve.obj
         Debug\SCurveCollection.obj
         Debug\SMatch.obj
         Debug\Source1.obj
         Debug\Sphere.obj
         sfml.vcxproj -> D:\Documents\Visual Studio 2013\Projects\sfml\Debug\sfml.exe
     1>Done Building Project "D:\Documents\Visual Studio 2013\Projects\sfml\sfml\sfml.vcxproj" (Build target(s)).

Build succeeded.

Time Elapsed 00:00:01.94
