d:\documents\visual studio 2013\projects\sfml\sfml\debug\vc120.pdb
d:\documents\visual studio 2013\projects\sfml\sfml\debug\vc120.idb
d:\documents\visual studio 2013\projects\sfml\sfml\debug\curve.obj
d:\documents\visual studio 2013\projects\sfml\sfml\debug\curvecollection.obj
d:\documents\visual studio 2013\projects\sfml\sfml\debug\source.obj
d:\documents\visual studio 2013\projects\sfml\sfml\debug\bitmatrix.obj
d:\documents\visual studio 2013\projects\sfml\sfml\debug\streamcurve.obj
d:\documents\visual studio 2013\projects\sfml\sfml\debug\streamcollection.obj
d:\documents\visual studio 2013\projects\sfml\sfml\debug\source.old.obj
d:\documents\visual studio 2013\projects\sfml\sfml\debug\communicationbox.obj
d:\documents\visual studio 2013\projects\sfml\sfml\debug\source1.obj
d:\documents\visual studio 2013\projects\sfml\sfml\debug\clientgui.obj
d:\documents\visual studio 2013\projects\sfml\debug\sfml.ilk
d:\documents\visual studio 2013\projects\sfml\debug\sfml.exe
d:\documents\visual studio 2013\projects\sfml\debug\sfml.pdb
d:\documents\visual studio 2013\projects\sfml\sfml\debug\sfml.tlog\cl.command.1.tlog
d:\documents\visual studio 2013\projects\sfml\sfml\debug\sfml.tlog\cl.read.1.tlog
d:\documents\visual studio 2013\projects\sfml\sfml\debug\sfml.tlog\cl.write.1.tlog
d:\documents\visual studio 2013\projects\sfml\sfml\debug\sfml.tlog\link.command.1.tlog
d:\documents\visual studio 2013\projects\sfml\sfml\debug\sfml.tlog\link.read.1.tlog
d:\documents\visual studio 2013\projects\sfml\sfml\debug\sfml.tlog\link.write.1.tlog
