d:\documents\visual studio 2013\projects\sfml\sfml\release\vc120.pdb
d:\documents\visual studio 2013\projects\sfml\sfml\release\scurve.obj
d:\documents\visual studio 2013\projects\sfml\sfml\release\scoregui.obj
d:\documents\visual studio 2013\projects\sfml\sfml\release\sconbox.obj
d:\documents\visual studio 2013\projects\sfml\sfml\release\patterns.obj
d:\documents\visual studio 2013\projects\sfml\sfml\release\mymat.obj
d:\documents\visual studio 2013\projects\sfml\sfml\release\menu.obj
d:\documents\visual studio 2013\projects\sfml\sfml\release\material.obj
d:\documents\visual studio 2013\projects\sfml\sfml\release\match.obj
d:\documents\visual studio 2013\projects\sfml\sfml\release\localcurve.obj
d:\documents\visual studio 2013\projects\sfml\sfml\release\curvecollection.obj
d:\documents\visual studio 2013\projects\sfml\sfml\release\curve.obj
d:\documents\visual studio 2013\projects\sfml\sfml\release\clientcurve.obj
d:\documents\visual studio 2013\projects\sfml\sfml\release\coolmat.obj
d:\documents\visual studio 2013\projects\sfml\sfml\release\communicationbox.obj
d:\documents\visual studio 2013\projects\sfml\sfml\release\collisionmap.obj
d:\documents\visual studio 2013\projects\sfml\sfml\release\clientgui.obj
d:\documents\visual studio 2013\projects\sfml\sfml\release\client.obj
d:\documents\visual studio 2013\projects\sfml\sfml\release\camera.obj
d:\documents\visual studio 2013\projects\sfml\sfml\release\botbrain.obj
d:\documents\visual studio 2013\projects\sfml\sfml\release\bot.obj
d:\documents\visual studio 2013\projects\sfml\sfml\release\sphere.obj
d:\documents\visual studio 2013\projects\sfml\sfml\release\source1.obj
d:\documents\visual studio 2013\projects\sfml\sfml\release\smatch.obj
d:\documents\visual studio 2013\projects\sfml\sfml\release\scurvecollection.obj
d:\documents\visual studio 2013\projects\sfml\release\sfml.exe
d:\documents\visual studio 2013\projects\sfml\release\sfml.pdb
d:\documents\visual studio 2013\projects\sfml\sfml\release\sfml.tlog\cl.command.1.tlog
d:\documents\visual studio 2013\projects\sfml\sfml\release\sfml.tlog\cl.read.1.tlog
d:\documents\visual studio 2013\projects\sfml\sfml\release\sfml.tlog\cl.write.1.tlog
d:\documents\visual studio 2013\projects\sfml\sfml\release\sfml.tlog\link.command.1.tlog
d:\documents\visual studio 2013\projects\sfml\sfml\release\sfml.tlog\link.read.1.tlog
d:\documents\visual studio 2013\projects\sfml\sfml\release\sfml.tlog\link.write.1.tlog
